  Source.cpp
C:\Users\dpole\Downloads\Lab3\Lab3\Source.cpp(9,29): warning C4244: '=': conversion from 'double' to 'int', possible loss of data
C:\Users\dpole\Downloads\Lab3\Lab3\Source.cpp(35,12): warning C4101: 'j': unreferenced local variable
C:\Users\dpole\Downloads\Lab3\Lab3\Source.cpp(60,17): warning C4566: character represented by universal-character-name '\u0421' cannot be represented in the current code page (1252)
C:\Users\dpole\Downloads\Lab3\Lab3\Source.cpp(60,17): warning C4566: character represented by universal-character-name '\u0443' cannot be represented in the current code page (1252)
C:\Users\dpole\Downloads\Lab3\Lab3\Source.cpp(60,17): warning C4566: character represented by universal-character-name '\u043C' cannot be represented in the current code page (1252)
C:\Users\dpole\Downloads\Lab3\Lab3\Source.cpp(60,17): warning C4566: character represented by universal-character-name '\u0430' cannot be represented in the current code page (1252)
C:\Users\dpole\Downloads\Lab3\Lab3\Source.cpp(60,17): warning C4566: character represented by universal-character-name '\u044D' cannot be represented in the current code page (1252)
C:\Users\dpole\Downloads\Lab3\Lab3\Source.cpp(60,17): warning C4566: character represented by universal-character-name '\u043B' cannot be represented in the current code page (1252)
C:\Users\dpole\Downloads\Lab3\Lab3\Source.cpp(60,17): warning C4566: character represented by universal-character-name '\u0435' cannot be represented in the current code page (1252)
C:\Users\dpole\Downloads\Lab3\Lab3\Source.cpp(60,17): warning C4566: character represented by universal-character-name '\u043D' cannot be represented in the current code page (1252)
C:\Users\dpole\Downloads\Lab3\Lab3\Source.cpp(60,17): warning C4566: character represented by universal-character-name '\u0442' cannot be represented in the current code page (1252)
C:\Users\dpole\Downloads\Lab3\Lab3\Source.cpp(60,17): warning C4566: character represented by universal-character-name '\u043E' cannot be represented in the current code page (1252)
C:\Users\dpole\Downloads\Lab3\Lab3\Source.cpp(60,17): warning C4566: character represented by universal-character-name '\u0432' cannot be represented in the current code page (1252)
C:\Users\dpole\Downloads\Lab3\Lab3\Source.cpp(60,17): warning C4566: character represented by universal-character-name '\u0440' cannot be represented in the current code page (1252)
C:\Users\dpole\Downloads\Lab3\Lab3\Source.cpp(60,17): warning C4566: character represented by universal-character-name '\u0439' cannot be represented in the current code page (1252)
C:\Users\dpole\Downloads\Lab3\Lab3\Source.cpp(60,17): warning C4566: character represented by universal-character-name '\u0447' cannot be represented in the current code page (1252)
C:\Users\dpole\Downloads\Lab3\Lab3\Source.cpp(60,17): warning C4566: character represented by universal-character-name '\u0441' cannot be represented in the current code page (1252)
C:\Users\dpole\Downloads\Lab3\Lab3\Source.cpp(60,17): warning C4566: character represented by universal-character-name '\u0438' cannot be represented in the current code page (1252)
C:\Users\dpole\Downloads\Lab3\Lab3\Source.cpp(60,17): warning C4566: character represented by universal-character-name '\u044C' cannot be represented in the current code page (1252)
C:\Users\dpole\Downloads\Lab3\Lab3\Source.cpp(60,17): warning C4566: character represented by universal-character-name '\u0448' cannot be represented in the current code page (1252)
C:\Users\dpole\Downloads\Lab3\Lab3\Source.cpp(63,17): warning C4566: character represented by universal-character-name '\u0421' cannot be represented in the current code page (1252)
C:\Users\dpole\Downloads\Lab3\Lab3\Source.cpp(63,17): warning C4566: character represented by universal-character-name '\u0443' cannot be represented in the current code page (1252)
C:\Users\dpole\Downloads\Lab3\Lab3\Source.cpp(63,17): warning C4566: character represented by universal-character-name '\u043C' cannot be represented in the current code page (1252)
C:\Users\dpole\Downloads\Lab3\Lab3\Source.cpp(63,17): warning C4566: character represented by universal-character-name '\u0430' cannot be represented in the current code page (1252)
C:\Users\dpole\Downloads\Lab3\Lab3\Source.cpp(63,17): warning C4566: character represented by universal-character-name '\u044D' cannot be represented in the current code page (1252)
C:\Users\dpole\Downloads\Lab3\Lab3\Source.cpp(63,17): warning C4566: character represented by universal-character-name '\u043B' cannot be represented in the current code page (1252)
C:\Users\dpole\Downloads\Lab3\Lab3\Source.cpp(63,17): warning C4566: character represented by universal-character-name '\u0435' cannot be represented in the current code page (1252)
C:\Users\dpole\Downloads\Lab3\Lab3\Source.cpp(63,17): warning C4566: character represented by universal-character-name '\u043D' cannot be represented in the current code page (1252)
C:\Users\dpole\Downloads\Lab3\Lab3\Source.cpp(63,17): warning C4566: character represented by universal-character-name '\u0442' cannot be represented in the current code page (1252)
C:\Users\dpole\Downloads\Lab3\Lab3\Source.cpp(63,17): warning C4566: character represented by universal-character-name '\u043E' cannot be represented in the current code page (1252)
C:\Users\dpole\Downloads\Lab3\Lab3\Source.cpp(63,17): warning C4566: character represented by universal-character-name '\u0432' cannot be represented in the current code page (1252)
C:\Users\dpole\Downloads\Lab3\Lab3\Source.cpp(63,17): warning C4566: character represented by universal-character-name '\u0440' cannot be represented in the current code page (1252)
C:\Users\dpole\Downloads\Lab3\Lab3\Source.cpp(63,17): warning C4566: character represented by universal-character-name '\u0439' cannot be represented in the current code page (1252)
C:\Users\dpole\Downloads\Lab3\Lab3\Source.cpp(63,17): warning C4566: character represented by universal-character-name '\u0447' cannot be represented in the current code page (1252)
C:\Users\dpole\Downloads\Lab3\Lab3\Source.cpp(63,17): warning C4566: character represented by universal-character-name '\u0441' cannot be represented in the current code page (1252)
C:\Users\dpole\Downloads\Lab3\Lab3\Source.cpp(63,17): warning C4566: character represented by universal-character-name '\u0438' cannot be represented in the current code page (1252)
C:\Users\dpole\Downloads\Lab3\Lab3\Source.cpp(63,17): warning C4566: character represented by universal-character-name '\u044C' cannot be represented in the current code page (1252)
C:\Users\dpole\Downloads\Lab3\Lab3\Source.cpp(63,17): warning C4566: character represented by universal-character-name '\u0448' cannot be represented in the current code page (1252)
C:\Users\dpole\Downloads\Lab3\Lab3\Source.cpp(66,17): warning C4566: character represented by universal-character-name '\u0421' cannot be represented in the current code page (1252)
C:\Users\dpole\Downloads\Lab3\Lab3\Source.cpp(66,17): warning C4566: character represented by universal-character-name '\u0443' cannot be represented in the current code page (1252)
C:\Users\dpole\Downloads\Lab3\Lab3\Source.cpp(66,17): warning C4566: character represented by universal-character-name '\u043C' cannot be represented in the current code page (1252)
C:\Users\dpole\Downloads\Lab3\Lab3\Source.cpp(66,17): warning C4566: character represented by universal-character-name '\u0430' cannot be represented in the current code page (1252)
C:\Users\dpole\Downloads\Lab3\Lab3\Source.cpp(66,17): warning C4566: character represented by universal-character-name '\u044D' cannot be represented in the current code page (1252)
C:\Users\dpole\Downloads\Lab3\Lab3\Source.cpp(66,17): warning C4566: character represented by universal-character-name '\u043B' cannot be represented in the current code page (1252)
C:\Users\dpole\Downloads\Lab3\Lab3\Source.cpp(66,17): warning C4566: character represented by universal-character-name '\u0435' cannot be represented in the current code page (1252)
C:\Users\dpole\Downloads\Lab3\Lab3\Source.cpp(66,17): warning C4566: character represented by universal-character-name '\u043D' cannot be represented in the current code page (1252)
C:\Users\dpole\Downloads\Lab3\Lab3\Source.cpp(66,17): warning C4566: character represented by universal-character-name '\u0442' cannot be represented in the current code page (1252)
C:\Users\dpole\Downloads\Lab3\Lab3\Source.cpp(66,17): warning C4566: character represented by universal-character-name '\u043E' cannot be represented in the current code page (1252)
C:\Users\dpole\Downloads\Lab3\Lab3\Source.cpp(66,17): warning C4566: character represented by universal-character-name '\u0432' cannot be represented in the current code page (1252)
C:\Users\dpole\Downloads\Lab3\Lab3\Source.cpp(66,17): warning C4566: character represented by universal-character-name '\u0440' cannot be represented in the current code page (1252)
C:\Users\dpole\Downloads\Lab3\Lab3\Source.cpp(66,17): warning C4566: character represented by universal-character-name '\u0439' cannot be represented in the current code page (1252)
C:\Users\dpole\Downloads\Lab3\Lab3\Source.cpp(66,17): warning C4566: character represented by universal-character-name '\u0447' cannot be represented in the current code page (1252)
C:\Users\dpole\Downloads\Lab3\Lab3\Source.cpp(66,17): warning C4566: character represented by universal-character-name '\u0441' cannot be represented in the current code page (1252)
C:\Users\dpole\Downloads\Lab3\Lab3\Source.cpp(66,17): warning C4566: character represented by universal-character-name '\u0438' cannot be represented in the current code page (1252)
  Lab3.vcxproj -> C:\Users\dpole\Downloads\Lab3\Debug\Lab3.exe
